<?xml version="1.0" encoding="utf-8" ?>
<!DOCTYPE html PUBLIC "-//W3C//DTD XHTML 1.0 Strict//EN"
        "http://www.w3.org/TR/xhtml1/DTD/xhtml1-strict.dtd">
<html xmlns="http://www.w3.org/1999/xhtml" xml:lang="" lang="">
<head>
  <title>Test Results Report - runFinancialsTab</title>
  <meta http-equiv="Content-Type" content="text/html;charset=utf-8" />
  <meta name="description" content="TestNG unit test results." />
  <link href="reportng.css" rel="stylesheet" type="text/css" />
    <script type="text/javascript" src="reportng.js"></script>
</head>
<body>
<h1>runFinancialsTab</h1>
<p>
  Test duration: 65.105s
</p>



  <table class="resultsTable">
    <tr><th colspan="3" class="header failed">Failed Tests</th></tr>
          <tr>
        <td colspan="3" class="group">com.turbopro.jobs.FinancialsTab</td>
      </tr>
            
<tr>
  <td class="method">
                  viewInvoice
      </td>
  <td class="duration">
    30.057s
  </td>
  <td class="result">
        
    
        

        <a href="javascript:toggleElement('exception-0', 'block')" title="Click to expand/collapse"><b>java.lang.AssertionError: Failed: viewInvoice</b></a><br />
    <div class="stackTrace" id="exception-0">
              org.testng.Assert.fail(Assert.java:85)<br />
              com.turbopro.jobs.FinancialsTab.viewInvoice(FinancialsTab.java:147)<br />
              java.base/jdk.internal.reflect.NativeMethodAccessorImpl.invoke0(Native Method)<br />
              java.base/jdk.internal.reflect.NativeMethodAccessorImpl.invoke(NativeMethodAccessorImpl.java:62)<br />
              java.base/jdk.internal.reflect.DelegatingMethodAccessorImpl.invoke(DelegatingMethodAccessorImpl.java:43)<br />
              java.base/java.lang.reflect.Method.invoke(Method.java:567)<br />
              org.testng.internal.MethodInvocationHelper.invokeMethod(MethodInvocationHelper.java:133)<br />
              org.testng.internal.TestInvoker.invokeMethod(TestInvoker.java:584)<br />
              org.testng.internal.TestInvoker.invokeTestMethod(TestInvoker.java:172)<br />
              org.testng.internal.MethodRunner.runInSequence(MethodRunner.java:46)<br />
              org.testng.internal.TestInvoker$MethodInvocationAgent.invoke(TestInvoker.java:804)<br />
              org.testng.internal.TestInvoker.invokeTestMethods(TestInvoker.java:145)<br />
              org.testng.internal.TestMethodWorker.invokeTestMethods(TestMethodWorker.java:146)<br />
              org.testng.internal.TestMethodWorker.run(TestMethodWorker.java:128)<br />
              java.base/java.util.ArrayList.forEach(ArrayList.java:1507)<br />
              org.testng.TestRunner.privateRun(TestRunner.java:770)<br />
              org.testng.TestRunner.run(TestRunner.java:591)<br />
              org.testng.SuiteRunner.runTest(SuiteRunner.java:402)<br />
              org.testng.SuiteRunner.runSequentially(SuiteRunner.java:396)<br />
              org.testng.SuiteRunner.privateRun(SuiteRunner.java:355)<br />
              org.testng.SuiteRunner.run(SuiteRunner.java:304)<br />
              org.testng.SuiteRunnerWorker.runSuite(SuiteRunnerWorker.java:53)<br />
              org.testng.SuiteRunnerWorker.run(SuiteRunnerWorker.java:96)<br />
              org.testng.TestNG.runSuitesSequentially(TestNG.java:1180)<br />
              org.testng.TestNG.runSuitesLocally(TestNG.java:1102)<br />
              org.testng.TestNG.runSuites(TestNG.java:1032)<br />
              org.testng.TestNG.run(TestNG.java:1000)<br />
              org.testng.remote.AbstractRemoteTestNG.run(AbstractRemoteTestNG.java:115)<br />
              org.testng.remote.RemoteTestNG.initAndRun(RemoteTestNG.java:251)<br />
              org.testng.remote.RemoteTestNG.main(RemoteTestNG.java:77)<br />
                    <b>Caused by: </b> <a href="javascript:toggleElement('exception-1', 'block')" title="Click to expand/collapse">org.openqa.selenium.NoSuchElementException: no such element: Unable to locate element: {&quot;method&quot;:&quot;link text&quot;,&quot;selector&quot;:&quot;Invoice&quot;}<br/>
&nbsp; (Session info: chrome=79.0.3945.88)<br/>
For documentation on this error, please visit: http://seleniumhq.org/exceptions/no_such_element.html<br/>
Build info: version: &apos;3.9.1&apos;, revision: &apos;63f7b50&apos;, time: &apos;2018-02-07T22:42:28.403Z&apos;<br/>
System info: host: &apos;sysvinemp029.local&apos;, ip: &apos;fe80:0:0:0:4e2:401e:f502:462e%en0&apos;, os.name: &apos;Mac OS X&apos;, os.arch: &apos;x86_64&apos;, os.version: &apos;10.13.6&apos;, java.version: &apos;13.0.1&apos;<br/>
Driver info: org.openqa.selenium.chrome.ChromeDriver<br/>
Capabilities {acceptInsecureCerts: false, browserName: chrome, browserVersion: 79.0.3945.88, chrome: {chromedriverVersion: 78.0.3904.105 (60e2d8774a81..., userDataDir: /var/folders/5g/ytklqqld38q...}, goog:chromeOptions: {debuggerAddress: localhost:60882}, javascriptEnabled: true, networkConnectionEnabled: false, pageLoadStrategy: normal, platform: MAC, platformName: MAC, proxy: Proxy(manual), setWindowRect: true, strictFileInteractability: false, timeouts: {implicit: 0, pageLoad: 300000, script: 30000}, unhandledPromptBehavior: dismiss and notify}<br/>
Session ID: a5bb41affa188911cba5d919fb442f46<br/>
*** Element info: {Using=link text, value=Invoice}</a><br />
        <div class="stackTrace" id="exception-1">
                      java.base/jdk.internal.reflect.NativeConstructorAccessorImpl.newInstance0(Native Method)<br />
                      java.base/jdk.internal.reflect.NativeConstructorAccessorImpl.newInstance(NativeConstructorAccessorImpl.java:62)<br />
                      java.base/jdk.internal.reflect.DelegatingConstructorAccessorImpl.newInstance(DelegatingConstructorAccessorImpl.java:45)<br />
                      java.base/java.lang.reflect.Constructor.newInstanceWithCaller(Constructor.java:500)<br />
                      java.base/java.lang.reflect.Constructor.newInstance(Constructor.java:481)<br />
                      org.openqa.selenium.remote.http.W3CHttpResponseCodec.createException(W3CHttpResponseCodec.java:187)<br />
                      org.openqa.selenium.remote.http.W3CHttpResponseCodec.decode(W3CHttpResponseCodec.java:122)<br />
                      org.openqa.selenium.remote.http.W3CHttpResponseCodec.decode(W3CHttpResponseCodec.java:49)<br />
                      org.openqa.selenium.remote.HttpCommandExecutor.execute(HttpCommandExecutor.java:160)<br />
                      org.openqa.selenium.remote.service.DriverCommandExecutor.execute(DriverCommandExecutor.java:83)<br />
                      org.openqa.selenium.remote.RemoteWebDriver.execute(RemoteWebDriver.java:601)<br />
                      org.openqa.selenium.remote.RemoteWebDriver.findElement(RemoteWebDriver.java:371)<br />
                      org.openqa.selenium.remote.RemoteWebDriver.findElementByLinkText(RemoteWebDriver.java:425)<br />
                      org.openqa.selenium.By$ByLinkText.findElement(By.java:246)<br />
                      org.openqa.selenium.remote.RemoteWebDriver.findElement(RemoteWebDriver.java:363)<br />
                      com.turbopro.jobs.FinancialsTab.viewInvoice(FinancialsTab.java:135)<br />
                      java.base/jdk.internal.reflect.NativeMethodAccessorImpl.invoke0(Native Method)<br />
                      java.base/jdk.internal.reflect.NativeMethodAccessorImpl.invoke(NativeMethodAccessorImpl.java:62)<br />
                      java.base/jdk.internal.reflect.DelegatingMethodAccessorImpl.invoke(DelegatingMethodAccessorImpl.java:43)<br />
                      java.base/java.lang.reflect.Method.invoke(Method.java:567)<br />
                      org.testng.internal.MethodInvocationHelper.invokeMethod(MethodInvocationHelper.java:133)<br />
                      org.testng.internal.TestInvoker.invokeMethod(TestInvoker.java:584)<br />
                      org.testng.internal.TestInvoker.invokeTestMethod(TestInvoker.java:172)<br />
                      org.testng.internal.MethodRunner.runInSequence(MethodRunner.java:46)<br />
                      org.testng.internal.TestInvoker$MethodInvocationAgent.invoke(TestInvoker.java:804)<br />
                      org.testng.internal.TestInvoker.invokeTestMethods(TestInvoker.java:145)<br />
                      org.testng.internal.TestMethodWorker.invokeTestMethods(TestMethodWorker.java:146)<br />
                      org.testng.internal.TestMethodWorker.run(TestMethodWorker.java:128)<br />
                      java.base/java.util.ArrayList.forEach(ArrayList.java:1507)<br />
                      org.testng.TestRunner.privateRun(TestRunner.java:770)<br />
                      org.testng.TestRunner.run(TestRunner.java:591)<br />
                      org.testng.SuiteRunner.runTest(SuiteRunner.java:402)<br />
                      org.testng.SuiteRunner.runSequentially(SuiteRunner.java:396)<br />
                      org.testng.SuiteRunner.privateRun(SuiteRunner.java:355)<br />
                      org.testng.SuiteRunner.run(SuiteRunner.java:304)<br />
                      org.testng.SuiteRunnerWorker.runSuite(SuiteRunnerWorker.java:53)<br />
                      org.testng.SuiteRunnerWorker.run(SuiteRunnerWorker.java:96)<br />
                      org.testng.TestNG.runSuitesSequentially(TestNG.java:1180)<br />
                      org.testng.TestNG.runSuitesLocally(TestNG.java:1102)<br />
                      org.testng.TestNG.runSuites(TestNG.java:1032)<br />
                      org.testng.TestNG.run(TestNG.java:1000)<br />
                      org.testng.remote.AbstractRemoteTestNG.run(AbstractRemoteTestNG.java:115)<br />
                      org.testng.remote.RemoteTestNG.initAndRun(RemoteTestNG.java:251)<br />
                      org.testng.remote.RemoteTestNG.main(RemoteTestNG.java:77)<br />
                  </div>
          </div>
      </td>
</tr>
      </table>


  <table class="resultsTable">
    <tr><th colspan="3" class="header passed">Passed Tests</th></tr>
          <tr>
        <td colspan="3" class="group">com.turbopro.jobs.FinancialsTab</td>
      </tr>
            
<tr>
  <td class="method">
                  financialTab
      </td>
  <td class="duration">
    33.083s
  </td>
  <td class="result">
        
    
        

      </td>
</tr>
      </table>
  
</body>
</html>
