<?xml version="1.0" encoding="UTF-8"?>
<!-- Generated by org.testng.reporters.JUnitXMLReporter -->
<testsuite hostname="Sysvinel007" name="runJournalEntries" tests="4" failures="1" timestamp="30 Jan 2018 12:49:56 GMT" time="75.704" errors="0">
  <testcase name="journalEntries" time="52.973" classname="com.turbopro.company.JournalEntries"/>
  <testcase name="viewJournalEntries" time="11.413" classname="com.turbopro.company.JournalEntries"/>
  <testcase name="addJournalEntries" time="3.403" classname="com.turbopro.company.JournalEntries"/>
  <testcase name="deleteJournalEntries" time="2.837" classname="com.turbopro.company.JournalEntries">
    <failure type="org.openqa.selenium.WebDriverException" message="unknown error: Element &amp;lt;textarea id=&amp;quot;reasontext&amp;quot; name=&amp;quot;reasontext&amp;quot; rows=&amp;quot;5&amp;quot; cols=&amp;quot;25&amp;quot;&amp;gt;&amp;lt;/textarea&amp;gt; is not clickable at point (951, 448). Other element would receive the click: &amp;lt;div class=&amp;quot;ui-dialog-content ui-widget-content&amp;quot; scrolltop=&amp;quot;0&amp;quot; scrollleft=&amp;quot;0&amp;quot; style=&amp;quot;width: auto; min-height: 0px; height: 61.12px;&amp;quot;&amp;gt;...&amp;lt;/div&amp;gt;
  (Session info: chrome=63.0.3239.132)
  (Driver info: chromedriver=2.33.506120 (e3e53437346286c0bc2d2dc9aa4915ba81d9023f),platform=Windows NT 10.0.16299 x86_64) (WARNING: The server did not provide any stacktrace information)
Command duration or timeout: 51 milliseconds
Build info: version: &amp;apos;2.53.0&amp;apos;, revision: &amp;apos;35ae25b&amp;apos;, time: &amp;apos;2016-03-15 16:57:40&amp;apos;
System info: host: &amp;apos;Sysvinel007&amp;apos;, ip: &amp;apos;172.30.150.11&amp;apos;, os.name: &amp;apos;Windows 8.1&amp;apos;, os.arch: &amp;apos;amd64&amp;apos;, os.version: &amp;apos;6.3&amp;apos;, java.version: &amp;apos;1.8.0_45&amp;apos;
Driver info: org.openqa.selenium.chrome.ChromeDriver
Capabilities [{applicationCacheEnabled=false, rotatable=false, mobileEmulationEnabled=false, networkConnectionEnabled=false, chrome={chromedriverVersion=2.33.506120 (e3e53437346286c0bc2d2dc9aa4915ba81d9023f), userDataDir=C:\Users\SATHIS~1\AppData\Local\Temp\scoped_dir15980_7876}, takesHeapSnapshot=true, pageLoadStrategy=normal, databaseEnabled=false, handlesAlerts=true, hasTouchScreen=false, version=63.0.3239.132, platform=WIN8_1, browserConnectionEnabled=false, nativeEvents=true, acceptSslCerts=true, locationContextEnabled=true, webStorageEnabled=true, browserName=chrome, takesScreenshot=true, javascriptEnabled=true, cssSelectorsEnabled=true, setWindowRect=true, unexpectedAlertBehaviour=}]
Session ID: 023976f20632f7fae88272663f559f52">
      <![CDATA[org.openqa.selenium.WebDriverException: unknown error: Element <textarea id="reasontext" name="reasontext" rows="5" cols="25"></textarea> is not clickable at point (951, 448). Other element would receive the click: <div class="ui-dialog-content ui-widget-content" scrolltop="0" scrollleft="0" style="width: auto; min-height: 0px; height: 61.12px;">...</div>
  (Session info: chrome=63.0.3239.132)
  (Driver info: chromedriver=2.33.506120 (e3e53437346286c0bc2d2dc9aa4915ba81d9023f),platform=Windows NT 10.0.16299 x86_64) (WARNING: The server did not provide any stacktrace information)
Command duration or timeout: 51 milliseconds
Build info: version: '2.53.0', revision: '35ae25b', time: '2016-03-15 16:57:40'
System info: host: 'Sysvinel007', ip: '172.30.150.11', os.name: 'Windows 8.1', os.arch: 'amd64', os.version: '6.3', java.version: '1.8.0_45'
Driver info: org.openqa.selenium.chrome.ChromeDriver
Capabilities [{applicationCacheEnabled=false, rotatable=false, mobileEmulationEnabled=false, networkConnectionEnabled=false, chrome={chromedriverVersion=2.33.506120 (e3e53437346286c0bc2d2dc9aa4915ba81d9023f), userDataDir=C:\Users\SATHIS~1\AppData\Local\Temp\scoped_dir15980_7876}, takesHeapSnapshot=true, pageLoadStrategy=normal, databaseEnabled=false, handlesAlerts=true, hasTouchScreen=false, version=63.0.3239.132, platform=WIN8_1, browserConnectionEnabled=false, nativeEvents=true, acceptSslCerts=true, locationContextEnabled=true, webStorageEnabled=true, browserName=chrome, takesScreenshot=true, javascriptEnabled=true, cssSelectorsEnabled=true, setWindowRect=true, unexpectedAlertBehaviour=}]
Session ID: 023976f20632f7fae88272663f559f52
	at org.openqa.selenium.remote.ErrorHandler.createThrowable(ErrorHandler.java:206)
	at org.openqa.selenium.remote.ErrorHandler.throwIfResponseFailed(ErrorHandler.java:158)
	at org.openqa.selenium.remote.RemoteWebDriver.execute(RemoteWebDriver.java:678)
	at org.openqa.selenium.remote.RemoteWebElement.execute(RemoteWebElement.java:327)
	at org.openqa.selenium.remote.RemoteWebElement.click(RemoteWebElement.java:85)
	at com.turbopro.company.JournalEntries.deleteJournalEntries(JournalEntries.java:175)
... Removed 28 stack frames]]>
    </failure>
  </testcase> <!-- deleteJournalEntries -->
</testsuite> <!-- runJournalEntries -->
