<?xml version="1.0" encoding="UTF-8"?>
<!-- Generated by org.testng.reporters.JUnitXMLReporter -->
<testsuite hostname="SYSVINEL007" ignored="0" name="runProjectsCommissionStatements" tests="7" failures="1" timestamp="06 May 2019 11:19:01 GMT" time="133.677" errors="0">
  <testcase name="projects" time="12.845" classname="com.turbopro.projectsmenu.ProjectsCommissionStatements"/>
  <testcase name="accessCommStateWithoutSalesRep" time="0.403" classname="com.turbopro.projectsmenu.ProjectsCommissionStatements"/>
  <testcase name="accessCommStateWithSalesRep" time="6.042" classname="com.turbopro.projectsmenu.ProjectsCommissionStatements"/>
  <testcase name="viewPdfOfCommStatment" time="29.18" classname="com.turbopro.projectsmenu.ProjectsCommissionStatements"/>
  <testcase name="downloadCsvOfCommStatment" time="6.267" classname="com.turbopro.projectsmenu.ProjectsCommissionStatements"/>
  <testcase name="sortCommStatmentHeaders" time="35.575" classname="com.turbopro.projectsmenu.ProjectsCommissionStatements"/>
  <testcase name="viewCommStatmentByDateRange" time="36.378" classname="com.turbopro.projectsmenu.ProjectsCommissionStatements">
    <failure type="org.openqa.selenium.NoSuchElementException" message="Cannot locate element with text: 09/13/2017
For documentation on this error, please visit: http://seleniumhq.org/exceptions/no_such_element.html
Build info: version: &amp;apos;3.9.1&amp;apos;, revision: &amp;apos;63f7b50&amp;apos;, time: &amp;apos;2018-02-07T22:42:28.403Z&amp;apos;
System info: host: &amp;apos;SYSVINEL007&amp;apos;, ip: &amp;apos;172.30.50.37&amp;apos;, os.name: &amp;apos;Windows 10&amp;apos;, os.arch: &amp;apos;amd64&amp;apos;, os.version: &amp;apos;10.0&amp;apos;, java.version: &amp;apos;1.8.0_181&amp;apos;
Driver info: driver.version: unknown">
      <![CDATA[org.openqa.selenium.NoSuchElementException: Cannot locate element with text: 09/13/2017
For documentation on this error, please visit: http://seleniumhq.org/exceptions/no_such_element.html
Build info: version: '3.9.1', revision: '63f7b50', time: '2018-02-07T22:42:28.403Z'
System info: host: 'SYSVINEL007', ip: '172.30.50.37', os.name: 'Windows 10', os.arch: 'amd64', os.version: '10.0', java.version: '1.8.0_181'
Driver info: driver.version: unknown
at org.openqa.selenium.support.ui.Select.selectByVisibleText(Select.java:151)
at com.turbopro.projectsmenu.ProjectsCommissionStatements.viewCommStatmentByDateRange(ProjectsCommissionStatements.java:241)
... Removed 25 stack frames]]>
    </failure>
  </testcase> <!-- viewCommStatmentByDateRange -->
</testsuite> <!-- runProjectsCommissionStatements -->
