<?xml version="1.0" encoding="UTF-8"?>
<!-- Generated by org.testng.reporters.JUnitXMLReporter -->
<testsuite hostname="Sysvinel007" ignored="0" name="runReissueChecks" tests="2" failures="1" timestamp="07 Mar 2018 13:37:23 GMT" time="59.017" errors="0">
  <testcase name="navigateToReissueIssues" time="42.889" classname="com.turbopro.banking.ReissueChecks"/>
  <testcase name="printCheck" time="7.484" classname="com.turbopro.banking.ReissueChecks">
    <failure type="org.openqa.selenium.WebDriverException" message="unknown error: Element &amp;lt;select id=&amp;quot;CheckStartingID&amp;quot; name=&amp;quot;CheckStartingID&amp;quot; style=&amp;quot;width: 170px;&amp;quot; class=&amp;quot;dropdown-custom&amp;quot; onchange=&amp;quot;getEndCheckRef()&amp;quot;&amp;gt;...&amp;lt;/select&amp;gt; is not clickable at point (985, 383). Other element would receive the click: &amp;lt;div class=&amp;quot;blockUI blockMsg blockPage&amp;quot; style=&amp;quot;z-index: 1013; position: fixed; padding: 15px; margin: 0px; width: 30%; top: 40%; left: 35%; text-align: center; color: rgb(255, 255, 255); border: none; background-color: rgb(0, 0, 0); cursor: default; border-radius: 10px; opacity: 0.5;&amp;quot;&amp;gt;...&amp;lt;/div&amp;gt;
  (Session info: chrome=64.0.3282.186)
  (Driver info: chromedriver=2.33.506120 (e3e53437346286c0bc2d2dc9aa4915ba81d9023f),platform=Windows NT 10.0.16299 x86_64) (WARNING: The server did not provide any stacktrace information)
Command duration or timeout: 0 milliseconds
Build info: version: &amp;apos;3.9.1&amp;apos;, revision: &amp;apos;63f7b50&amp;apos;, time: &amp;apos;2018-02-07T22:42:28.403Z&amp;apos;
System info: host: &amp;apos;SYSVINEL007&amp;apos;, ip: &amp;apos;172.30.150.11&amp;apos;, os.name: &amp;apos;Windows 8.1&amp;apos;, os.arch: &amp;apos;amd64&amp;apos;, os.version: &amp;apos;6.3&amp;apos;, java.version: &amp;apos;1.8.0_45&amp;apos;
Driver info: org.openqa.selenium.chrome.ChromeDriver
Capabilities {acceptSslCerts: true, applicationCacheEnabled: false, browserConnectionEnabled: false, browserName: chrome, chrome: {chromedriverVersion: 2.33.506120 (e3e53437346286..., userDataDir: C:\Users\SATHIS~1\AppData\L...}, cssSelectorsEnabled: true, databaseEnabled: false, handlesAlerts: true, hasTouchScreen: false, javascriptEnabled: true, locationContextEnabled: true, mobileEmulationEnabled: false, nativeEvents: true, networkConnectionEnabled: false, pageLoadStrategy: normal, platform: XP, platformName: XP, rotatable: false, setWindowRect: true, takesHeapSnapshot: true, takesScreenshot: true, unexpectedAlertBehaviour: , unhandledPromptBehavior: , version: 64.0.3282.186, webStorageEnabled: true}
Session ID: e26f2a4604053813d46bd4d97e35380f">
      <![CDATA[org.openqa.selenium.WebDriverException: unknown error: Element <select id="CheckStartingID" name="CheckStartingID" style="width: 170px;" class="dropdown-custom" onchange="getEndCheckRef()">...</select> is not clickable at point (985, 383). Other element would receive the click: <div class="blockUI blockMsg blockPage" style="z-index: 1013; position: fixed; padding: 15px; margin: 0px; width: 30%; top: 40%; left: 35%; text-align: center; color: rgb(255, 255, 255); border: none; background-color: rgb(0, 0, 0); cursor: default; border-radius: 10px; opacity: 0.5;">...</div>
  (Session info: chrome=64.0.3282.186)
  (Driver info: chromedriver=2.33.506120 (e3e53437346286c0bc2d2dc9aa4915ba81d9023f),platform=Windows NT 10.0.16299 x86_64) (WARNING: The server did not provide any stacktrace information)
Command duration or timeout: 0 milliseconds
Build info: version: '3.9.1', revision: '63f7b50', time: '2018-02-07T22:42:28.403Z'
System info: host: 'SYSVINEL007', ip: '172.30.150.11', os.name: 'Windows 8.1', os.arch: 'amd64', os.version: '6.3', java.version: '1.8.0_45'
Driver info: org.openqa.selenium.chrome.ChromeDriver
Capabilities {acceptSslCerts: true, applicationCacheEnabled: false, browserConnectionEnabled: false, browserName: chrome, chrome: {chromedriverVersion: 2.33.506120 (e3e53437346286..., userDataDir: C:\Users\SATHIS~1\AppData\L...}, cssSelectorsEnabled: true, databaseEnabled: false, handlesAlerts: true, hasTouchScreen: false, javascriptEnabled: true, locationContextEnabled: true, mobileEmulationEnabled: false, nativeEvents: true, networkConnectionEnabled: false, pageLoadStrategy: normal, platform: XP, platformName: XP, rotatable: false, setWindowRect: true, takesHeapSnapshot: true, takesScreenshot: true, unexpectedAlertBehaviour: , unhandledPromptBehavior: , version: 64.0.3282.186, webStorageEnabled: true}
Session ID: e26f2a4604053813d46bd4d97e35380f
	at org.openqa.selenium.remote.ErrorHandler.createThrowable(ErrorHandler.java:214)
	at org.openqa.selenium.remote.ErrorHandler.throwIfResponseFailed(ErrorHandler.java:166)
	at org.openqa.selenium.remote.http.JsonHttpResponseCodec.reconstructValue(JsonHttpResponseCodec.java:40)
	at org.openqa.selenium.remote.http.AbstractHttpResponseCodec.decode(AbstractHttpResponseCodec.java:80)
	at org.openqa.selenium.remote.http.AbstractHttpResponseCodec.decode(AbstractHttpResponseCodec.java:44)
	at org.openqa.selenium.remote.HttpCommandExecutor.execute(HttpCommandExecutor.java:160)
	at org.openqa.selenium.remote.service.DriverCommandExecutor.execute(DriverCommandExecutor.java:83)
	at org.openqa.selenium.remote.RemoteWebDriver.execute(RemoteWebDriver.java:601)
	at org.openqa.selenium.remote.RemoteWebElement.execute(RemoteWebElement.java:279)
	at org.openqa.selenium.remote.RemoteWebElement.click(RemoteWebElement.java:83)
	at com.turbopro.banking.ReissueChecks.printCheck(ReissueChecks.java:86)
... Removed 29 stack frames]]>
    </failure>
  </testcase> <!-- printCheck -->
</testsuite> <!-- runReissueChecks -->
