<?xml version="1.0" encoding="UTF-8"?>
<!-- Generated by org.testng.reporters.JUnitXMLReporter -->
<testsuite hostname="SYSVINEL007" ignored="0" name="runSalesOrderOutsideJob" tests="12" failures="1" timestamp="25 Feb 2019 13:35:04 GMT" time="461.892" errors="0">
  <testcase name="salesOrder" time="14.401" classname="com.turbopro.customermenu.SalesOrderOutsideJob"/>
  <testcase name="createSalesOrder" time="12.957" classname="com.turbopro.customermenu.SalesOrderOutsideJob"/>
  <testcase name="addLineitems" time="146.543" classname="com.turbopro.customermenu.SalesOrderOutsideJob"/>
  <testcase name="deleteLineItems" time="20.037" classname="com.turbopro.customermenu.SalesOrderOutsideJob"/>
  <testcase name="changeStatus" time="26.899" classname="com.turbopro.customermenu.SalesOrderOutsideJob"/>
  <testcase name="editSalesOrder" time="22.065" classname="com.turbopro.customermenu.SalesOrderOutsideJob"/>
  <testcase name="searchUsingSO" time="12.097" classname="com.turbopro.customermenu.SalesOrderOutsideJob"/>
  <testcase name="searchUsingCustomerName" time="8.822" classname="com.turbopro.customermenu.SalesOrderOutsideJob"/>
  <testcase name="selectDateRange" time="10.669" classname="com.turbopro.customermenu.SalesOrderOutsideJob"/>
  <testcase name="viewPDF" time="34.748" classname="com.turbopro.customermenu.SalesOrderOutsideJob"/>
  <testcase name="viewEmailComposePopup" time="142.163" classname="com.turbopro.customermenu.SalesOrderOutsideJob"/>
  <testcase name="changeBillToInSalesOrder" time="4.208" classname="com.turbopro.customermenu.SalesOrderOutsideJob">
    <failure type="org.openqa.selenium.WebDriverException" message="unknown error: Element &amp;lt;input type=&amp;quot;text&amp;quot; id=&amp;quot;SOlocationbillToAddressname&amp;quot; name=&amp;quot;locationbillToAddressID&amp;quot; class=&amp;quot;validate[maxSize[100] ui-autocomplete-input&amp;quot; style=&amp;quot;width: 300px;&amp;quot; onchange=&amp;quot;soGeneralformChanges()&amp;quot; autocomplete=&amp;quot;off&amp;quot; role=&amp;quot;textbox&amp;quot; aria-autocomplete=&amp;quot;list&amp;quot; aria-haspopup=&amp;quot;true&amp;quot;&amp;gt; is not clickable at point (743, 167). Other element would receive the click: &amp;lt;div class=&amp;quot;ui-widget-overlay&amp;quot; style=&amp;quot;width: 1903px; height: 1098px; z-index: 1003;&amp;quot;&amp;gt;&amp;lt;/div&amp;gt;
  (Session info: chrome=72.0.3626.119)
  (Driver info: chromedriver=2.37.544315 (730aa6a5fdba159ac9f4c1e8cbc59bf1b5ce12b7),platform=Windows NT 10.0.17134 x86_64) (WARNING: The server did not provide any stacktrace information)
Command duration or timeout: 0 milliseconds
Build info: version: &amp;apos;3.9.1&amp;apos;, revision: &amp;apos;63f7b50&amp;apos;, time: &amp;apos;2018-02-07T22:42:28.403Z&amp;apos;
System info: host: &amp;apos;SYSVINEL007&amp;apos;, ip: &amp;apos;172.30.150.11&amp;apos;, os.name: &amp;apos;Windows 10&amp;apos;, os.arch: &amp;apos;amd64&amp;apos;, os.version: &amp;apos;10.0&amp;apos;, java.version: &amp;apos;1.8.0_181&amp;apos;
Driver info: org.openqa.selenium.chrome.ChromeDriver
Capabilities {acceptInsecureCerts: false, acceptSslCerts: false, applicationCacheEnabled: false, browserConnectionEnabled: false, browserName: chrome, chrome: {chromedriverVersion: 2.37.544315 (730aa6a5fdba15..., userDataDir: C:\Users\SATHIS~1\AppData\L...}, cssSelectorsEnabled: true, databaseEnabled: false, handlesAlerts: true, hasTouchScreen: false, javascriptEnabled: true, locationContextEnabled: true, mobileEmulationEnabled: false, nativeEvents: true, networkConnectionEnabled: false, pageLoadStrategy: normal, platform: XP, platformName: XP, rotatable: false, setWindowRect: true, takesHeapSnapshot: true, takesScreenshot: true, unexpectedAlertBehaviour: , unhandledPromptBehavior: , version: 72.0.3626.119, webStorageEnabled: true}
Session ID: d5cd3d23cf66f3e06a53971fe8f7d206">
      <![CDATA[org.openqa.selenium.WebDriverException: unknown error: Element <input type="text" id="SOlocationbillToAddressname" name="locationbillToAddressID" class="validate[maxSize[100] ui-autocomplete-input" style="width: 300px;" onchange="soGeneralformChanges()" autocomplete="off" role="textbox" aria-autocomplete="list" aria-haspopup="true"> is not clickable at point (743, 167). Other element would receive the click: <div class="ui-widget-overlay" style="width: 1903px; height: 1098px; z-index: 1003;"></div>
  (Session info: chrome=72.0.3626.119)
  (Driver info: chromedriver=2.37.544315 (730aa6a5fdba159ac9f4c1e8cbc59bf1b5ce12b7),platform=Windows NT 10.0.17134 x86_64) (WARNING: The server did not provide any stacktrace information)
Command duration or timeout: 0 milliseconds
Build info: version: '3.9.1', revision: '63f7b50', time: '2018-02-07T22:42:28.403Z'
System info: host: 'SYSVINEL007', ip: '172.30.150.11', os.name: 'Windows 10', os.arch: 'amd64', os.version: '10.0', java.version: '1.8.0_181'
Driver info: org.openqa.selenium.chrome.ChromeDriver
Capabilities {acceptInsecureCerts: false, acceptSslCerts: false, applicationCacheEnabled: false, browserConnectionEnabled: false, browserName: chrome, chrome: {chromedriverVersion: 2.37.544315 (730aa6a5fdba15..., userDataDir: C:\Users\SATHIS~1\AppData\L...}, cssSelectorsEnabled: true, databaseEnabled: false, handlesAlerts: true, hasTouchScreen: false, javascriptEnabled: true, locationContextEnabled: true, mobileEmulationEnabled: false, nativeEvents: true, networkConnectionEnabled: false, pageLoadStrategy: normal, platform: XP, platformName: XP, rotatable: false, setWindowRect: true, takesHeapSnapshot: true, takesScreenshot: true, unexpectedAlertBehaviour: , unhandledPromptBehavior: , version: 72.0.3626.119, webStorageEnabled: true}
Session ID: d5cd3d23cf66f3e06a53971fe8f7d206
at org.openqa.selenium.remote.ErrorHandler.createThrowable(ErrorHandler.java:214)
at org.openqa.selenium.remote.ErrorHandler.throwIfResponseFailed(ErrorHandler.java:166)
at org.openqa.selenium.remote.http.JsonHttpResponseCodec.reconstructValue(JsonHttpResponseCodec.java:40)
at org.openqa.selenium.remote.http.AbstractHttpResponseCodec.decode(AbstractHttpResponseCodec.java:80)
at org.openqa.selenium.remote.http.AbstractHttpResponseCodec.decode(AbstractHttpResponseCodec.java:44)
at org.openqa.selenium.remote.HttpCommandExecutor.execute(HttpCommandExecutor.java:160)
at org.openqa.selenium.remote.service.DriverCommandExecutor.execute(DriverCommandExecutor.java:83)
at org.openqa.selenium.remote.RemoteWebDriver.execute(RemoteWebDriver.java:601)
at org.openqa.selenium.remote.RemoteWebElement.execute(RemoteWebElement.java:279)
at org.openqa.selenium.remote.RemoteWebElement.click(RemoteWebElement.java:83)
at com.turbopro.customermenu.SalesOrderOutsideJob.changeBillToInSalesOrder(SalesOrderOutsideJob.java:371)
... Removed 29 stack frames]]>
    </failure>
  </testcase> <!-- changeBillToInSalesOrder -->
</testsuite> <!-- runSalesOrderOutsideJob -->
