<?xml version="1.0" encoding="UTF-8"?>
<!-- Generated by org.testng.reporters.JUnitXMLReporter -->
<testsuite hostname="Sysvinel007" name="TestRID609" tests="17" failures="1" timestamp="27 Nov 2017 11:06:36 GMT" time="236.082" errors="0">
  <testcase name="login" time="88.753" classname="com.turbopro.requirements.RID609"/>
  <testcase name="createJob" time="10.713" classname="com.turbopro.requirements.RID609"/>
  <testcase name="quotes" time="32.757" classname="com.turbopro.requirements.RID609"/>
  <testcase name="createQuoteFromTemplate" time="10.173" classname="com.turbopro.requirements.RID609"/>
  <testcase name="deleteQuote" time="1.908" classname="com.turbopro.requirements.RID609"/>
  <testcase name="createQuoteByMultipleTemplates" time="14.211" classname="com.turbopro.requirements.RID609"/>
  <testcase name="deleteLineItemsInQuotes" time="5.063" classname="com.turbopro.requirements.RID609"/>
  <testcase name="cutAndPasteLineItemsInQuotes" time="13.682" classname="com.turbopro.requirements.RID609"/>
  <testcase name="copyAndPasteLineItemsInQuotes" time="11.556" classname="com.turbopro.requirements.RID609"/>
  <testcase name="cancelCutActionInQuotes" time="8.123" classname="com.turbopro.requirements.RID609"/>
  <testcase name="cancelCopyActionInQuotes" time="7.634" classname="com.turbopro.requirements.RID609"/>
  <testcase name="saveQuoteAsTemplate" time="4.833" classname="com.turbopro.requirements.RID609"/>
  <testcase name="openSavedTemplate" time="0.733" classname="com.turbopro.requirements.RID609"/>
  <testcase name="viewSavedTemplatePdf" time="14.833" classname="com.turbopro.requirements.RID609"/>
  <testcase name="updateTemplateDescription" time="4.945" classname="com.turbopro.requirements.RID609"/>
  <testcase name="deleteQuoteTemplate" time="0.863" classname="com.turbopro.requirements.RID609"/>
  <testcase name="createQuoteTemplate" time="0.596" classname="com.turbopro.requirements.RID609">
    <failure type="org.openqa.selenium.ElementNotVisibleException" message="element not visible
  (Session info: chrome=62.0.3202.94)
  (Driver info: chromedriver=2.33.506120 (e3e53437346286c0bc2d2dc9aa4915ba81d9023f),platform=Windows NT 10.0.14393 x86_64) (WARNING: The server did not provide any stacktrace information)
Command duration or timeout: 25 milliseconds
Build info: version: &amp;apos;2.53.0&amp;apos;, revision: &amp;apos;35ae25b&amp;apos;, time: &amp;apos;2016-03-15 16:57:40&amp;apos;
System info: host: &amp;apos;Sysvinel007&amp;apos;, ip: &amp;apos;172.30.150.11&amp;apos;, os.name: &amp;apos;Windows 8.1&amp;apos;, os.arch: &amp;apos;amd64&amp;apos;, os.version: &amp;apos;6.3&amp;apos;, java.version: &amp;apos;1.8.0_45&amp;apos;
Driver info: org.openqa.selenium.chrome.ChromeDriver
Capabilities [{applicationCacheEnabled=false, rotatable=false, mobileEmulationEnabled=false, networkConnectionEnabled=false, chrome={chromedriverVersion=2.33.506120 (e3e53437346286c0bc2d2dc9aa4915ba81d9023f), userDataDir=C:\Users\SATHIS~1\AppData\Local\Temp\scoped_dir17516_16312}, takesHeapSnapshot=true, pageLoadStrategy=normal, databaseEnabled=false, handlesAlerts=true, hasTouchScreen=false, version=62.0.3202.94, platform=WIN8_1, browserConnectionEnabled=false, nativeEvents=true, acceptSslCerts=true, locationContextEnabled=true, webStorageEnabled=true, browserName=chrome, takesScreenshot=true, javascriptEnabled=true, cssSelectorsEnabled=true, setWindowRect=true, unexpectedAlertBehaviour=}]
Session ID: b10a6cf11870b787aa09ca90ab326c1e">
      <![CDATA[org.openqa.selenium.ElementNotVisibleException: element not visible
  (Session info: chrome=62.0.3202.94)
  (Driver info: chromedriver=2.33.506120 (e3e53437346286c0bc2d2dc9aa4915ba81d9023f),platform=Windows NT 10.0.14393 x86_64) (WARNING: The server did not provide any stacktrace information)
Command duration or timeout: 25 milliseconds
Build info: version: '2.53.0', revision: '35ae25b', time: '2016-03-15 16:57:40'
System info: host: 'Sysvinel007', ip: '172.30.150.11', os.name: 'Windows 8.1', os.arch: 'amd64', os.version: '6.3', java.version: '1.8.0_45'
Driver info: org.openqa.selenium.chrome.ChromeDriver
Capabilities [{applicationCacheEnabled=false, rotatable=false, mobileEmulationEnabled=false, networkConnectionEnabled=false, chrome={chromedriverVersion=2.33.506120 (e3e53437346286c0bc2d2dc9aa4915ba81d9023f), userDataDir=C:\Users\SATHIS~1\AppData\Local\Temp\scoped_dir17516_16312}, takesHeapSnapshot=true, pageLoadStrategy=normal, databaseEnabled=false, handlesAlerts=true, hasTouchScreen=false, version=62.0.3202.94, platform=WIN8_1, browserConnectionEnabled=false, nativeEvents=true, acceptSslCerts=true, locationContextEnabled=true, webStorageEnabled=true, browserName=chrome, takesScreenshot=true, javascriptEnabled=true, cssSelectorsEnabled=true, setWindowRect=true, unexpectedAlertBehaviour=}]
Session ID: b10a6cf11870b787aa09ca90ab326c1e
	at org.openqa.selenium.remote.ErrorHandler.createThrowable(ErrorHandler.java:206)
	at org.openqa.selenium.remote.ErrorHandler.throwIfResponseFailed(ErrorHandler.java:158)
	at org.openqa.selenium.remote.RemoteWebDriver.execute(RemoteWebDriver.java:678)
	at org.openqa.selenium.remote.RemoteWebElement.execute(RemoteWebElement.java:327)
	at org.openqa.selenium.remote.RemoteWebElement.click(RemoteWebElement.java:85)
	at com.turbopro.requirements.RID609.createQuoteTemplate(RID609.java:518)
... Removed 28 stack frames]]>
    </failure>
  </testcase> <!-- createQuoteTemplate -->
</testsuite> <!-- TestRID609 -->
