<html>
<head>
<title>TestNG:  TestRID609</title>
<link href="../testng.css" rel="stylesheet" type="text/css" />
<link href="../my-testng.css" rel="stylesheet" type="text/css" />

<style type="text/css">
.log { display: none;} 
.stack-trace { display: none;} 
</style>
<script type="text/javascript">
<!--
function flip(e) {
  current = e.style.display;
  if (current == 'block') {
    e.style.display = 'none';
    return 0;
  }
  else {
    e.style.display = 'block';
    return 1;
  }
}

function toggleBox(szDivId, elem, msg1, msg2)
{
  var res = -1;  if (document.getElementById) {
    res = flip(document.getElementById(szDivId));
  }
  else if (document.all) {
    // this is the way old msie versions work
    res = flip(document.all[szDivId]);
  }
  if(elem) {
    if(res == 0) elem.innerHTML = msg1; else elem.innerHTML = msg2;
  }

}

function toggleAllBoxes() {
  if (document.getElementsByTagName) {
    d = document.getElementsByTagName('div');
    for (i = 0; i < d.length; i++) {
      if (d[i].className == 'log') {
        flip(d[i]);
      }
    }
  }
}

// -->
</script>

</head>
<body>
<h2 align='center'>TestRID609</h2><table border='1' align="center">
<tr>
<td>Tests passed/Failed/Skipped:</td><td>16/1/0</td>
</tr><tr>
<td>Started on:</td><td>Mon Nov 27 16:32:38 IST 2017</td>
</tr>
<tr><td>Total time:</td><td>236 seconds (236082 ms)</td>
</tr><tr>
<td>Included groups:</td><td></td>
</tr><tr>
<td>Excluded groups:</td><td></td>
</tr>
</table><p/>
<small><i>(Hover the method name to see the test class name)</i></small><p/>
<table width='100%' border='1' class='invocation-failed'>
<tr><td colspan='4' align='center'><b>FAILED TESTS</b></td></tr>
<tr><td><b>Test method</b></td>
<td width="30%"><b>Exception</b></td>
<td width="10%"><b>Time (seconds)</b></td>
<td><b>Instance</b></td>
</tr>
<tr>
<td title='com.turbopro.requirements.RID609.createQuoteTemplate()'><b>createQuoteTemplate</b><br>Test class: com.turbopro.requirements.RID609</td>
<td><div><pre>org.openqa.selenium.ElementNotVisibleException: element not visible
  (Session info: chrome=62.0.3202.94)
  (Driver info: chromedriver=2.33.506120 (e3e53437346286c0bc2d2dc9aa4915ba81d9023f),platform=Windows NT 10.0.14393 x86_64) (WARNING: The server did not provide any stacktrace information)
Command duration or timeout: 25 milliseconds
Build info: version: &apos;2.53.0&apos;, revision: &apos;35ae25b&apos;, time: &apos;2016-03-15 16:57:40&apos;
System info: host: &apos;Sysvinel007&apos;, ip: &apos;172.30.150.11&apos;, os.name: &apos;Windows 8.1&apos;, os.arch: &apos;amd64&apos;, os.version: &apos;6.3&apos;, java.version: &apos;1.8.0_45&apos;
Driver info: org.openqa.selenium.chrome.ChromeDriver
Capabilities [{applicationCacheEnabled=false, rotatable=false, mobileEmulationEnabled=false, networkConnectionEnabled=false, chrome={chromedriverVersion=2.33.506120 (e3e53437346286c0bc2d2dc9aa4915ba81d9023f), userDataDir=C:\Users\SATHIS~1\AppData\Local\Temp\scoped_dir17516_16312}, takesHeapSnapshot=true, pageLoadStrategy=normal, databaseEnabled=false, handlesAlerts=true, hasTouchScreen=false, version=62.0.3202.94, platform=WIN8_1, browserConnectionEnabled=false, nativeEvents=true, acceptSslCerts=true, locationContextEnabled=true, webStorageEnabled=true, browserName=chrome, takesScreenshot=true, javascriptEnabled=true, cssSelectorsEnabled=true, setWindowRect=true, unexpectedAlertBehaviour=}]
Session ID: b10a6cf11870b787aa09ca90ab326c1e
	at org.openqa.selenium.remote.ErrorHandler.createThrowable(ErrorHandler.java:206)
	at org.openqa.selenium.remote.ErrorHandler.throwIfResponseFailed(ErrorHandler.java:158)
	at org.openqa.selenium.remote.RemoteWebDriver.execute(RemoteWebDriver.java:678)
	at org.openqa.selenium.remote.RemoteWebElement.execute(RemoteWebElement.java:327)
	at org.openqa.selenium.remote.RemoteWebElement.click(RemoteWebElement.java:85)
	at com.turbopro.requirements.RID609.createQuoteTemplate(RID609.java:518)
... Removed 28 stack frames</pre></div><a href='#' onClick='toggleBox("stack-trace633326333", this, "Click to show all stack frames", "Click to hide stack frames")'>Click to show all stack frames</a>
<div class='stack-trace' id='stack-trace633326333'><pre>org.openqa.selenium.ElementNotVisibleException: element not visible
  (Session info: chrome=62.0.3202.94)
  (Driver info: chromedriver=2.33.506120 (e3e53437346286c0bc2d2dc9aa4915ba81d9023f),platform=Windows NT 10.0.14393 x86_64) (WARNING: The server did not provide any stacktrace information)
Command duration or timeout: 25 milliseconds
Build info: version: &apos;2.53.0&apos;, revision: &apos;35ae25b&apos;, time: &apos;2016-03-15 16:57:40&apos;
System info: host: &apos;Sysvinel007&apos;, ip: &apos;172.30.150.11&apos;, os.name: &apos;Windows 8.1&apos;, os.arch: &apos;amd64&apos;, os.version: &apos;6.3&apos;, java.version: &apos;1.8.0_45&apos;
Driver info: org.openqa.selenium.chrome.ChromeDriver
Capabilities [{applicationCacheEnabled=false, rotatable=false, mobileEmulationEnabled=false, networkConnectionEnabled=false, chrome={chromedriverVersion=2.33.506120 (e3e53437346286c0bc2d2dc9aa4915ba81d9023f), userDataDir=C:\Users\SATHIS~1\AppData\Local\Temp\scoped_dir17516_16312}, takesHeapSnapshot=true, pageLoadStrategy=normal, databaseEnabled=false, handlesAlerts=true, hasTouchScreen=false, version=62.0.3202.94, platform=WIN8_1, browserConnectionEnabled=false, nativeEvents=true, acceptSslCerts=true, locationContextEnabled=true, webStorageEnabled=true, browserName=chrome, takesScreenshot=true, javascriptEnabled=true, cssSelectorsEnabled=true, setWindowRect=true, unexpectedAlertBehaviour=}]
Session ID: b10a6cf11870b787aa09ca90ab326c1e
	at sun.reflect.NativeConstructorAccessorImpl.newInstance0(Native Method)
	at sun.reflect.NativeConstructorAccessorImpl.newInstance(Unknown Source)
	at sun.reflect.DelegatingConstructorAccessorImpl.newInstance(Unknown Source)
	at java.lang.reflect.Constructor.newInstance(Unknown Source)
	at org.openqa.selenium.remote.ErrorHandler.createThrowable(ErrorHandler.java:206)
	at org.openqa.selenium.remote.ErrorHandler.throwIfResponseFailed(ErrorHandler.java:158)
	at org.openqa.selenium.remote.RemoteWebDriver.execute(RemoteWebDriver.java:678)
	at org.openqa.selenium.remote.RemoteWebElement.execute(RemoteWebElement.java:327)
	at org.openqa.selenium.remote.RemoteWebElement.click(RemoteWebElement.java:85)
	at com.turbopro.requirements.RID609.createQuoteTemplate(RID609.java:518)
	at sun.reflect.NativeMethodAccessorImpl.invoke0(Native Method)
	at sun.reflect.NativeMethodAccessorImpl.invoke(Unknown Source)
	at sun.reflect.DelegatingMethodAccessorImpl.invoke(Unknown Source)
	at java.lang.reflect.Method.invoke(Unknown Source)
	at org.testng.internal.MethodInvocationHelper.invokeMethod(MethodInvocationHelper.java:85)
	at org.testng.internal.Invoker.invokeMethod(Invoker.java:639)
	at org.testng.internal.Invoker.invokeTestMethod(Invoker.java:816)
	at org.testng.internal.Invoker.invokeTestMethods(Invoker.java:1124)
	at org.testng.internal.TestMethodWorker.invokeTestMethods(TestMethodWorker.java:125)
	at org.testng.internal.TestMethodWorker.run(TestMethodWorker.java:108)
	at org.testng.TestRunner.privateRun(TestRunner.java:774)
	at org.testng.TestRunner.run(TestRunner.java:624)
	at org.testng.SuiteRunner.runTest(SuiteRunner.java:359)
	at org.testng.SuiteRunner.runSequentially(SuiteRunner.java:354)
	at org.testng.SuiteRunner.privateRun(SuiteRunner.java:312)
	at org.testng.SuiteRunner.run(SuiteRunner.java:261)
	at org.testng.SuiteRunnerWorker.runSuite(SuiteRunnerWorker.java:52)
	at org.testng.SuiteRunnerWorker.run(SuiteRunnerWorker.java:86)
	at org.testng.TestNG.runSuitesSequentially(TestNG.java:1215)
	at org.testng.TestNG.runSuitesLocally(TestNG.java:1140)
	at org.testng.TestNG.run(TestNG.java:1048)
	at org.testng.remote.AbstractRemoteTestNG.run(AbstractRemoteTestNG.java:132)
	at org.testng.remote.RemoteTestNG.initAndRun(RemoteTestNG.java:236)
	at org.testng.remote.RemoteTestNG.main(RemoteTestNG.java:81)
</pre></div></td>
<td>0</td>
<td>com.turbopro.requirements.RID609@167fdd33</td></tr>
</table><p>
<table width='100%' border='1' class='invocation-passed'>
<tr><td colspan='4' align='center'><b>PASSED TESTS</b></td></tr>
<tr><td><b>Test method</b></td>
<td width="30%"><b>Exception</b></td>
<td width="10%"><b>Time (seconds)</b></td>
<td><b>Instance</b></td>
</tr>
<tr>
<td title='com.turbopro.requirements.RID609.cancelCopyActionInQuotes()'><b>cancelCopyActionInQuotes</b><br>Test class: com.turbopro.requirements.RID609</td>
<td></td>
<td>7</td>
<td>com.turbopro.requirements.RID609@167fdd33</td></tr>
<tr>
<td title='com.turbopro.requirements.RID609.cancelCutActionInQuotes()'><b>cancelCutActionInQuotes</b><br>Test class: com.turbopro.requirements.RID609</td>
<td></td>
<td>8</td>
<td>com.turbopro.requirements.RID609@167fdd33</td></tr>
<tr>
<td title='com.turbopro.requirements.RID609.copyAndPasteLineItemsInQuotes()'><b>copyAndPasteLineItemsInQuotes</b><br>Test class: com.turbopro.requirements.RID609</td>
<td></td>
<td>11</td>
<td>com.turbopro.requirements.RID609@167fdd33</td></tr>
<tr>
<td title='com.turbopro.requirements.RID609.createJob()'><b>createJob</b><br>Test class: com.turbopro.requirements.RID609</td>
<td></td>
<td>10</td>
<td>com.turbopro.requirements.RID609@167fdd33</td></tr>
<tr>
<td title='com.turbopro.requirements.RID609.createQuoteByMultipleTemplates()'><b>createQuoteByMultipleTemplates</b><br>Test class: com.turbopro.requirements.RID609</td>
<td></td>
<td>14</td>
<td>com.turbopro.requirements.RID609@167fdd33</td></tr>
<tr>
<td title='com.turbopro.requirements.RID609.createQuoteFromTemplate()'><b>createQuoteFromTemplate</b><br>Test class: com.turbopro.requirements.RID609</td>
<td></td>
<td>10</td>
<td>com.turbopro.requirements.RID609@167fdd33</td></tr>
<tr>
<td title='com.turbopro.requirements.RID609.cutAndPasteLineItemsInQuotes()'><b>cutAndPasteLineItemsInQuotes</b><br>Test class: com.turbopro.requirements.RID609</td>
<td></td>
<td>13</td>
<td>com.turbopro.requirements.RID609@167fdd33</td></tr>
<tr>
<td title='com.turbopro.requirements.RID609.deleteLineItemsInQuotes()'><b>deleteLineItemsInQuotes</b><br>Test class: com.turbopro.requirements.RID609</td>
<td></td>
<td>5</td>
<td>com.turbopro.requirements.RID609@167fdd33</td></tr>
<tr>
<td title='com.turbopro.requirements.RID609.deleteQuote()'><b>deleteQuote</b><br>Test class: com.turbopro.requirements.RID609</td>
<td></td>
<td>1</td>
<td>com.turbopro.requirements.RID609@167fdd33</td></tr>
<tr>
<td title='com.turbopro.requirements.RID609.deleteQuoteTemplate()'><b>deleteQuoteTemplate</b><br>Test class: com.turbopro.requirements.RID609</td>
<td></td>
<td>0</td>
<td>com.turbopro.requirements.RID609@167fdd33</td></tr>
<tr>
<td title='com.turbopro.requirements.RID609.login()'><b>login</b><br>Test class: com.turbopro.requirements.RID609</td>
<td></td>
<td>88</td>
<td>com.turbopro.requirements.RID609@167fdd33</td></tr>
<tr>
<td title='com.turbopro.requirements.RID609.openSavedTemplate()'><b>openSavedTemplate</b><br>Test class: com.turbopro.requirements.RID609</td>
<td></td>
<td>0</td>
<td>com.turbopro.requirements.RID609@167fdd33</td></tr>
<tr>
<td title='com.turbopro.requirements.RID609.quotes()'><b>quotes</b><br>Test class: com.turbopro.requirements.RID609</td>
<td></td>
<td>32</td>
<td>com.turbopro.requirements.RID609@167fdd33</td></tr>
<tr>
<td title='com.turbopro.requirements.RID609.saveQuoteAsTemplate()'><b>saveQuoteAsTemplate</b><br>Test class: com.turbopro.requirements.RID609</td>
<td></td>
<td>4</td>
<td>com.turbopro.requirements.RID609@167fdd33</td></tr>
<tr>
<td title='com.turbopro.requirements.RID609.updateTemplateDescription()'><b>updateTemplateDescription</b><br>Test class: com.turbopro.requirements.RID609</td>
<td></td>
<td>4</td>
<td>com.turbopro.requirements.RID609@167fdd33</td></tr>
<tr>
<td title='com.turbopro.requirements.RID609.viewSavedTemplatePdf()'><b>viewSavedTemplatePdf</b><br>Test class: com.turbopro.requirements.RID609</td>
<td></td>
<td>14</td>
<td>com.turbopro.requirements.RID609@167fdd33</td></tr>
</table><p>
</body>
</html>