<?xml version="1.0" encoding="UTF-8"?>
<!-- Generated by org.testng.reporters.JUnitXMLReporter -->
<testsuite hostname="SYSVINEL007" ignored="0" name="runBankingDetails" tests="6" failures="1" timestamp="17 Dec 2018 13:16:31 GMT" time="222.532" errors="0">
  <testcase name="navigateBanking" time="130.677" classname="com.turbopro.banking.BankingDetails">
    <failure type="org.openqa.selenium.TimeoutException" message="Expected condition failed: waiting for visibility of element located by By.className: login (tried for 120 second(s) with 500 MILLISECONDS interval)">
      <![CDATA[org.openqa.selenium.TimeoutException: Expected condition failed: waiting for visibility of element located by By.className: login (tried for 120 second(s) with 500 MILLISECONDS interval)
at org.openqa.selenium.support.ui.WebDriverWait.timeoutException(WebDriverWait.java:82)
at org.openqa.selenium.support.ui.FluentWait.until(FluentWait.java:231)
at com.turbopro.MethodsLibrary.Methods.loggingIn(Methods.java:43)
at com.turbopro.banking.BankingDetails.navigateBanking(BankingDetails.java:71)
Caused by: org.openqa.selenium.NoSuchElementException: Cannot locate an element using By.className: login
For documentation on this error, please visit: http://seleniumhq.org/exceptions/no_such_element.html
Build info: version: '3.9.1', revision: '63f7b50', time: '2018-02-07T22:42:28.403Z'
System info: host: 'SYSVINEL007', ip: '172.30.150.11', os.name: 'Windows 10', os.arch: 'amd64', os.version: '10.0', java.version: '1.8.0_181'
Driver info: driver.version: unknown
at org.openqa.selenium.support.ui.ExpectedConditions.lambda$findElement$0(ExpectedConditions.java:896)
at java.util.Optional.orElseThrow(Unknown Source)
at org.openqa.selenium.support.ui.ExpectedConditions.findElement(ExpectedConditions.java:895)
at org.openqa.selenium.support.ui.ExpectedConditions.access$000(ExpectedConditions.java:44)
at org.openqa.selenium.support.ui.ExpectedConditions$7.apply(ExpectedConditions.java:206)
at org.openqa.selenium.support.ui.ExpectedConditions$7.apply(ExpectedConditions.java:202)
at org.openqa.selenium.support.ui.FluentWait.until(FluentWait.java:208)
... 28 more
... Removed 26 stack frames]]>
    </failure>
  </testcase> <!-- navigateBanking -->
  <testcase name="viewBanking" time="30.416" classname="com.turbopro.banking.BankingDetails"/>
  <testcase name="addBank" time="30.071" classname="com.turbopro.banking.BankingDetails"/>
  <testcase name="deleteBank" time="3.635" classname="com.turbopro.banking.BankingDetails"/>
  <testcase name="updateBankAccount" time="0.008" classname="com.turbopro.banking.BankingDetails"/>
  <testcase name="inactivateAccount" time="0.008" classname="com.turbopro.banking.BankingDetails"/>
</testsuite> <!-- runBankingDetails -->
