<?xml version="1.0" encoding="UTF-8"?>
<!-- Generated by org.testng.reporters.JUnitXMLReporter -->
<testsuite hostname="SYSVINEL007" ignored="1" name="runDivisions" tests="6" failures="1" timestamp="28 Jan 2019 10:48:32 GMT" time="529.749" errors="0">
  <testcase name="divisions" time="170.372" classname="com.turbopro.company.Divisions">
    <failure type="org.openqa.selenium.TimeoutException" message="Expected condition failed: waiting for visibility of element located by By.xpath: //*[@id=&amp;apos;mainMenuCompanyPage&amp;apos;]/a (tried for 120 second(s) with 500 MILLISECONDS interval)">
      <![CDATA[org.openqa.selenium.TimeoutException: Expected condition failed: waiting for visibility of element located by By.xpath: //*[@id='mainMenuCompanyPage']/a (tried for 120 second(s) with 500 MILLISECONDS interval)
at org.openqa.selenium.support.ui.WebDriverWait.timeoutException(WebDriverWait.java:82)
at org.openqa.selenium.support.ui.FluentWait.until(FluentWait.java:231)
at com.turbopro.MethodsLibrary.Methods.navigateDivisions(Methods.java:287)
at com.turbopro.company.Divisions.divisions(Divisions.java:76)
Caused by: org.openqa.selenium.NoSuchElementException: Cannot locate an element using By.xpath: //*[@id='mainMenuCompanyPage']/a
For documentation on this error, please visit: http://seleniumhq.org/exceptions/no_such_element.html
Build info: version: '3.9.1', revision: '63f7b50', time: '2018-02-07T22:42:28.403Z'
System info: host: 'SYSVINEL007', ip: '172.30.150.11', os.name: 'Windows 10', os.arch: 'amd64', os.version: '10.0', java.version: '1.8.0_181'
Driver info: driver.version: unknown
at org.openqa.selenium.support.ui.ExpectedConditions.lambda$findElement$0(ExpectedConditions.java:896)
at java.util.Optional.orElseThrow(Unknown Source)
at org.openqa.selenium.support.ui.ExpectedConditions.findElement(ExpectedConditions.java:895)
at org.openqa.selenium.support.ui.ExpectedConditions.access$000(ExpectedConditions.java:44)
at org.openqa.selenium.support.ui.ExpectedConditions$7.apply(ExpectedConditions.java:206)
at org.openqa.selenium.support.ui.ExpectedConditions$7.apply(ExpectedConditions.java:202)
at org.openqa.selenium.support.ui.FluentWait.until(FluentWait.java:208)
... 28 more
... Removed 26 stack frames]]>
    </failure>
  </testcase> <!-- divisions -->
  <testcase name="viewExistingDivisions" time="30.037" classname="com.turbopro.company.Divisions"/>
  <testcase name="createDivision" time="30.091" classname="com.turbopro.company.Divisions"/>
  <testcase name="inactiveDivision" time="30.076" classname="com.turbopro.company.Divisions"/>
  <testcase name="activeDivision" time="121.689" classname="com.turbopro.company.Divisions"/>
  <testcase name="deleteDivision" time="142.866" classname="com.turbopro.company.Divisions"/>
  <testcase name="validationCheckInDivision" time="0.0" classname="com.turbopro.company.Divisions">
    <ignored/>
  </testcase> <!-- validationCheckInDivision -->
</testsuite> <!-- runDivisions -->
