<?xml version="1.0" encoding="UTF-8"?>
<!-- Generated by org.testng.reporters.JUnitXMLReporter -->
<testsuite hostname="SYSVINEL007" ignored="1" name="runEmployeeCommission" tests="6" failures="1" timestamp="28 Jan 2019 10:58:34 GMT" time="602.153" errors="0">
  <testcase name="employeeCommission" time="167.247" classname="com.turbopro.company.EmployeeCommission">
    <failure type="org.openqa.selenium.TimeoutException" message="Expected condition failed: waiting for visibility of element located by By.xpath: //*[@id=&amp;apos;mainMenuCompanyPage&amp;apos;]/a (tried for 120 second(s) with 500 MILLISECONDS interval)">
      <![CDATA[org.openqa.selenium.TimeoutException: Expected condition failed: waiting for visibility of element located by By.xpath: //*[@id='mainMenuCompanyPage']/a (tried for 120 second(s) with 500 MILLISECONDS interval)
at org.openqa.selenium.support.ui.WebDriverWait.timeoutException(WebDriverWait.java:82)
at org.openqa.selenium.support.ui.FluentWait.until(FluentWait.java:231)
at com.turbopro.MethodsLibrary.Methods.navigateEmployeeCommission(Methods.java:157)
at com.turbopro.company.EmployeeCommission.employeeCommission(EmployeeCommission.java:88)
Caused by: org.openqa.selenium.NoSuchElementException: Cannot locate an element using By.xpath: //*[@id='mainMenuCompanyPage']/a
For documentation on this error, please visit: http://seleniumhq.org/exceptions/no_such_element.html
Build info: version: '3.9.1', revision: '63f7b50', time: '2018-02-07T22:42:28.403Z'
System info: host: 'SYSVINEL007', ip: '172.30.150.11', os.name: 'Windows 10', os.arch: 'amd64', os.version: '10.0', java.version: '1.8.0_181'
Driver info: driver.version: unknown
at org.openqa.selenium.support.ui.ExpectedConditions.lambda$findElement$0(ExpectedConditions.java:896)
at java.util.Optional.orElseThrow(Unknown Source)
at org.openqa.selenium.support.ui.ExpectedConditions.findElement(ExpectedConditions.java:895)
at org.openqa.selenium.support.ui.ExpectedConditions.access$000(ExpectedConditions.java:44)
at org.openqa.selenium.support.ui.ExpectedConditions$7.apply(ExpectedConditions.java:206)
at org.openqa.selenium.support.ui.ExpectedConditions$7.apply(ExpectedConditions.java:202)
at org.openqa.selenium.support.ui.FluentWait.until(FluentWait.java:208)
... 28 more
... Removed 26 stack frames]]>
    </failure>
  </testcase> <!-- employeeCommission -->
  <testcase name="viewCommissionForDiffPeriod" time="30.073" classname="com.turbopro.company.EmployeeCommission"/>
  <testcase name="printCommissionList" time="30.053" classname="com.turbopro.company.EmployeeCommission"/>
  <testcase name="openAndCloseNewPeriod" time="121.665" classname="com.turbopro.company.EmployeeCommission"/>
  <testcase name="cancelRecalculate" time="121.732" classname="com.turbopro.company.EmployeeCommission"/>
  <testcase name="cancelReversePeriod" time="121.671" classname="com.turbopro.company.EmployeeCommission"/>
  <testcase name="printAllEmployeeCommission" time="0.0" classname="com.turbopro.company.EmployeeCommission">
    <ignored/>
  </testcase> <!-- printAllEmployeeCommission -->
</testsuite> <!-- runEmployeeCommission -->
