<?xml version="1.0" encoding="UTF-8"?>
<!-- Generated by org.testng.reporters.JUnitXMLReporter -->
<testsuite hostname="SYSVINEL007" ignored="0" name="runGeneralLedger" tests="6" failures="1" timestamp="28 Jan 2019 11:05:02 GMT" time="323.947" errors="0">
  <testcase name="generalLedger" time="168.561" classname="com.turbopro.company.GeneralLedger">
    <failure type="org.openqa.selenium.TimeoutException" message="Expected condition failed: waiting for visibility of element located by By.xpath: //*[@id=&amp;apos;mainMenuCompanyPage&amp;apos;]/a (tried for 120 second(s) with 500 MILLISECONDS interval)">
      <![CDATA[org.openqa.selenium.TimeoutException: Expected condition failed: waiting for visibility of element located by By.xpath: //*[@id='mainMenuCompanyPage']/a (tried for 120 second(s) with 500 MILLISECONDS interval)
at org.openqa.selenium.support.ui.WebDriverWait.timeoutException(WebDriverWait.java:82)
at org.openqa.selenium.support.ui.FluentWait.until(FluentWait.java:231)
at com.turbopro.MethodsLibrary.Methods.navigateGeneralLedger(Methods.java:210)
at com.turbopro.company.GeneralLedger.generalLedger(GeneralLedger.java:81)
Caused by: org.openqa.selenium.NoSuchElementException: Cannot locate an element using By.xpath: //*[@id='mainMenuCompanyPage']/a
For documentation on this error, please visit: http://seleniumhq.org/exceptions/no_such_element.html
Build info: version: '3.9.1', revision: '63f7b50', time: '2018-02-07T22:42:28.403Z'
System info: host: 'SYSVINEL007', ip: '172.30.150.11', os.name: 'Windows 10', os.arch: 'amd64', os.version: '10.0', java.version: '1.8.0_181'
Driver info: driver.version: unknown
at org.openqa.selenium.support.ui.ExpectedConditions.lambda$findElement$0(ExpectedConditions.java:896)
at java.util.Optional.orElseThrow(Unknown Source)
at org.openqa.selenium.support.ui.ExpectedConditions.findElement(ExpectedConditions.java:895)
at org.openqa.selenium.support.ui.ExpectedConditions.access$000(ExpectedConditions.java:44)
at org.openqa.selenium.support.ui.ExpectedConditions$7.apply(ExpectedConditions.java:206)
at org.openqa.selenium.support.ui.ExpectedConditions$7.apply(ExpectedConditions.java:202)
at org.openqa.selenium.support.ui.FluentWait.until(FluentWait.java:208)
... 28 more
... Removed 26 stack frames]]>
    </failure>
  </testcase> <!-- generalLedger -->
  <testcase name="viewAccountsByPeriodAndYear" time="30.066" classname="com.turbopro.company.GeneralLedger"/>
  <testcase name="viewAccountsByMostRecentPeriod" time="30.082" classname="com.turbopro.company.GeneralLedger"/>
  <testcase name="viewAccountsByFiscalYearToDate" time="30.07" classname="com.turbopro.company.GeneralLedger"/>
  <testcase name="exportCSV" time="30.057" classname="com.turbopro.company.GeneralLedger"/>
  <testcase name="drillIntoAccountDetails" time="30.084" classname="com.turbopro.company.GeneralLedger"/>
</testsuite> <!-- runGeneralLedger -->
