<?xml version="1.0" encoding="UTF-8"?>
<testsuite name="runProjectsCommissionStatements"
           tests="7"
           failures="1"
           errors="0"
           skipped="0"
           time="126.690">
  <properties />
            <testcase name="viewCommStatmentByDateRange" time="36.378" classname="com.turbopro.projectsmenu.ProjectsCommissionStatements">
                <failure type="org.openqa.selenium.NoSuchElementException"
                  message="Cannot locate element with text: 09/13/2017
For documentation on this error, please visit: http://seleniumhq.org/exceptions/no_such_element.html
Build info: version: &apos;3.9.1&apos;, revision: &apos;63f7b50&apos;, time: &apos;2018-02-07T22:42:28.403Z&apos;
System info: host: &apos;SYSVINEL007&apos;, ip: &apos;172.30.50.37&apos;, os.name: &apos;Windows 10&apos;, os.arch: &apos;amd64&apos;, os.version: &apos;10.0&apos;, java.version: &apos;1.8.0_181&apos;
Driver info: driver.version: unknown"
              >
<![CDATA[org.openqa.selenium.NoSuchElementException: Cannot locate element with text: 09/13/2017
For documentation on this error, please visit: http://seleniumhq.org/exceptions/no_such_element.html
Build info: version: '3.9.1', revision: '63f7b50', time: '2018-02-07T22:42:28.403Z'
System info: host: 'SYSVINEL007', ip: '172.30.50.37', os.name: 'Windows 10', os.arch: 'amd64', os.version: '10.0', java.version: '1.8.0_181'
Driver info: driver.version: unknown
  org.openqa.selenium.support.ui.Select.selectByVisibleText(Select.java:151)
  com.turbopro.projectsmenu.ProjectsCommissionStatements.viewCommStatmentByDateRange(ProjectsCommissionStatements.java:241)
  sun.reflect.NativeMethodAccessorImpl.invoke0(Native Method)
  sun.reflect.NativeMethodAccessorImpl.invoke(Unknown Source)
  sun.reflect.DelegatingMethodAccessorImpl.invoke(Unknown Source)
  java.lang.reflect.Method.invoke(Unknown Source)
  org.testng.internal.MethodInvocationHelper.invokeMethod(MethodInvocationHelper.java:124)
  org.testng.internal.Invoker.invokeMethod(Invoker.java:580)
  org.testng.internal.Invoker.invokeTestMethod(Invoker.java:716)
  org.testng.internal.Invoker.invokeTestMethods(Invoker.java:988)
  org.testng.internal.TestMethodWorker.invokeTestMethods(TestMethodWorker.java:125)
  org.testng.internal.TestMethodWorker.run(TestMethodWorker.java:109)
  org.testng.TestRunner.privateRun(TestRunner.java:648)
  org.testng.TestRunner.run(TestRunner.java:505)
  org.testng.SuiteRunner.runTest(SuiteRunner.java:455)
  org.testng.SuiteRunner.runSequentially(SuiteRunner.java:450)
  org.testng.SuiteRunner.privateRun(SuiteRunner.java:415)
  org.testng.SuiteRunner.run(SuiteRunner.java:364)
  org.testng.SuiteRunnerWorker.runSuite(SuiteRunnerWorker.java:52)
  org.testng.SuiteRunnerWorker.run(SuiteRunnerWorker.java:84)
  org.testng.TestNG.runSuitesSequentially(TestNG.java:1208)
  org.testng.TestNG.runSuitesLocally(TestNG.java:1137)
  org.testng.TestNG.runSuites(TestNG.java:1049)
  org.testng.TestNG.run(TestNG.java:1017)
  org.testng.remote.AbstractRemoteTestNG.run(AbstractRemoteTestNG.java:114)
  org.testng.remote.RemoteTestNG.initAndRun(RemoteTestNG.java:251)
  org.testng.remote.RemoteTestNG.main(RemoteTestNG.java:77)
]]>
      </failure>

          </testcase>
  
  
            <testcase name="viewPdfOfCommStatment" time="29.180" classname="com.turbopro.projectsmenu.ProjectsCommissionStatements" />
                <testcase name="downloadCsvOfCommStatment" time="6.267" classname="com.turbopro.projectsmenu.ProjectsCommissionStatements" />
                <testcase name="accessCommStateWithSalesRep" time="6.042" classname="com.turbopro.projectsmenu.ProjectsCommissionStatements" />
                <testcase name="sortCommStatmentHeaders" time="35.575" classname="com.turbopro.projectsmenu.ProjectsCommissionStatements" />
                <testcase name="projects" time="12.845" classname="com.turbopro.projectsmenu.ProjectsCommissionStatements" />
                <testcase name="accessCommStateWithoutSalesRep" time="0.403" classname="com.turbopro.projectsmenu.ProjectsCommissionStatements" />
      
</testsuite>
