<?xml version="1.0" encoding="UTF-8"?>
<!-- Generated by org.testng.reporters.JUnitReportReporter -->
<testsuite skipped="0" hostname="SYSVINEL007" name="com.turbopro.projectsmenu.ProjectsCommissionStatements" tests="7" failures="0" timestamp="06 May 2019 11:21:39 GMT" time="126.690" errors="1">
  <testcase name="projects" time="12.845" classname="com.turbopro.projectsmenu.ProjectsCommissionStatements"/>
  <testcase name="accessCommStateWithoutSalesRep" time="0.403" classname="com.turbopro.projectsmenu.ProjectsCommissionStatements"/>
  <testcase name="accessCommStateWithSalesRep" time="6.042" classname="com.turbopro.projectsmenu.ProjectsCommissionStatements"/>
  <testcase name="viewPdfOfCommStatment" time="29.180" classname="com.turbopro.projectsmenu.ProjectsCommissionStatements"/>
  <testcase name="downloadCsvOfCommStatment" time="6.267" classname="com.turbopro.projectsmenu.ProjectsCommissionStatements"/>
  <testcase name="sortCommStatmentHeaders" time="35.575" classname="com.turbopro.projectsmenu.ProjectsCommissionStatements"/>
  <testcase name="viewCommStatmentByDateRange" time="36.378" classname="com.turbopro.projectsmenu.ProjectsCommissionStatements">
    <error type="org.openqa.selenium.NoSuchElementException" message="Cannot locate element with text: 09/13/2017
For documentation on this error, please visit: http://seleniumhq.org/exceptions/no_such_element.html
Build info: version: &#039;3.9.1&#039;, revision: &#039;63f7b50&#039;, time: &#039;2018-02-07T22:42:28.403Z&#039;
System info: host: &#039;SYSVINEL007&#039;, ip: &#039;172.30.50.37&#039;, os.name: &#039;Windows 10&#039;, os.arch: &#039;amd64&#039;, os.version: &#039;10.0&#039;, java.version: &#039;1.8.0_181&#039;
Driver info: driver.version: unknown">
      <![CDATA[org.openqa.selenium.NoSuchElementException: Cannot locate element with text: 09/13/2017
For documentation on this error, please visit: http://seleniumhq.org/exceptions/no_such_element.html
Build info: version: '3.9.1', revision: '63f7b50', time: '2018-02-07T22:42:28.403Z'
System info: host: 'SYSVINEL007', ip: '172.30.50.37', os.name: 'Windows 10', os.arch: 'amd64', os.version: '10.0', java.version: '1.8.0_181'
Driver info: driver.version: unknown
at org.openqa.selenium.support.ui.Select.selectByVisibleText(Select.java:151)
at com.turbopro.projectsmenu.ProjectsCommissionStatements.viewCommStatmentByDateRange(ProjectsCommissionStatements.java:241)
at sun.reflect.NativeMethodAccessorImpl.invoke0(Native Method)
at sun.reflect.NativeMethodAccessorImpl.invoke(Unknown Source)
at sun.reflect.DelegatingMethodAccessorImpl.invoke(Unknown Source)
at java.lang.reflect.Method.invoke(Unknown Source)
at org.testng.internal.MethodInvocationHelper.invokeMethod(MethodInvocationHelper.java:124)
at org.testng.internal.Invoker.invokeMethod(Invoker.java:580)
at org.testng.internal.Invoker.invokeTestMethod(Invoker.java:716)
at org.testng.internal.Invoker.invokeTestMethods(Invoker.java:988)
at org.testng.internal.TestMethodWorker.invokeTestMethods(TestMethodWorker.java:125)
at org.testng.internal.TestMethodWorker.run(TestMethodWorker.java:109)
at org.testng.TestRunner.privateRun(TestRunner.java:648)
at org.testng.TestRunner.run(TestRunner.java:505)
at org.testng.SuiteRunner.runTest(SuiteRunner.java:455)
at org.testng.SuiteRunner.runSequentially(SuiteRunner.java:450)
at org.testng.SuiteRunner.privateRun(SuiteRunner.java:415)
at org.testng.SuiteRunner.run(SuiteRunner.java:364)
at org.testng.SuiteRunnerWorker.runSuite(SuiteRunnerWorker.java:52)
at org.testng.SuiteRunnerWorker.run(SuiteRunnerWorker.java:84)
at org.testng.TestNG.runSuitesSequentially(TestNG.java:1208)
at org.testng.TestNG.runSuitesLocally(TestNG.java:1137)
at org.testng.TestNG.runSuites(TestNG.java:1049)
at org.testng.TestNG.run(TestNG.java:1017)
at org.testng.remote.AbstractRemoteTestNG.run(AbstractRemoteTestNG.java:114)
at org.testng.remote.RemoteTestNG.initAndRun(RemoteTestNG.java:251)
at org.testng.remote.RemoteTestNG.main(RemoteTestNG.java:77)
]]>
    </error>
  </testcase> <!-- viewCommStatmentByDateRange -->
</testsuite> <!-- com.turbopro.projectsmenu.ProjectsCommissionStatements -->
